// dataflow 1.2.0.M1 log opened at 2016-05-24 21:40:42
module list
module register --type task --name batch101 --uri maven://com.example:batch101:0.0.1-SNAPSHOT
module list
task create --name batchnow --definition "batch101 --foo=bar" 
task launch --name batchnow 
task execution list 
module register --type processor --name streamnow --uri maven://com.example:stream101:0.0.1-SNAPSHOT
module list
module register --name time --type source --uri maven://org.springframework.cloud.stream.app:time-source-rabbitmq:1.0.0.BUILD-SNAPSHOT
module register --name log --type sink --uri maven://org.springframework.cloud.stream.app:log-sink-rabbitmq:1.0.0.BUILD-SNAPSHOT
module list
stream create --name streammeow --definition "time | streamnow | log " 
// [failed] stream deploy --name streammeow
// [failed] module register --name log --type sink --uri maven://org.springframework.cloud.stream.app:log-sink-rabbit:1.0.0.BUILD-SNAPSHOT
// [failed] module unregister --name log
// [failed] module unregister --name sink:log
module list
module unregister --name log --type sink 
module register --name log --type sink --uri maven://org.springframework.cloud.stream.app:log-sink-rabbit:1.0.0.BUILD-SNAPSHOT
stream list
stream destroy --name streammeow
// [failed] stream create --name s1 --definition " time | s1 | log " 
// [failed] stream create --name s1 --definition " time | streameow | log " 
module list
stream list
stream create --name s1 --definition "time | streamnow | log " 
// [failed] stream deploy --name s1 
module unregister --name time --type source
// [failed] module unregister --name sink:log 
// [failed] module unregister sink:log 
module unregister --name log  --type sink 
module list
module register --type source --name time --uri maven://org.springframework.cloud.stream.app:time-source-rabbit:1.0.0.BUILD-SNAPSHOT
module register --type sink  --name log --uri maven://org.springframework.cloud.stream.app:log-sink-rabbit:1.0.0.BUILD-SNAPSHOT
module list
// [failed] stream create --name s1 --definition "time | streamnow | log " 
stream list
stream destroy --name s1
stream create --name s1 --definition "time | streamnow | log " 
stream deploy --name s1
// dataflow 1.2.0.M1 log opened at 2016-06-06 17:04:00
app list
// dataflow 1.2.0.M1 log opened at 2016-06-06 18:33:34
app list
stream create --name ticktock --definition "time | log" 
// [failed] stream deploy --name ticktock
// [failed] stream deploy --name ticktock
stream create --name ticktock --definition "time | log" 
// [failed] stream deploy --name ticktock
stream create --name ticktock --definition "time | log" 
stream deploy --name ticktock
// [failed] stream create --name ticktock --definition "time | log" 
stream destroy --name ticktock
stream create --name ticktock --definition "time | log" 
stream deploy --name ticktock
task create --name whattimeisit --definition timestamp 
task list
task launch --name whattimeisit
task list
task list
stream create --name ticktock --definition "time | log" 
stream deploy --name ticktock
stream create --name ticktock --definition "time | log" 
stream deploy --name ticktock
stream deploy --name ticktock
// [failed] stream deploy --name ticktock
stream create --name ticktock --definition "time | log" 
stream deploy --name ticktock
// dataflow 1.2.0.M1 log opened at 2016-06-07 02:02:14
// dataflow 1.2.0.M1 log opened at 2016-06-07 02:09:07
app list
app register --name args --type task --uri maven://org.springframework.cloud.stream.app:log-sink-rabbit:1.0.0.BUILD-SNAPSHOT
// [failed] app unregister args
// [failed] app unregister  --name args
// [failed] app unregister --name args
// [failed] app register --name args --type task --uri maven://cnj:task-example:1.0.0.BUILD-SNAPSHOT
app register --name cnjtask --type task --uri maven://cnj:task-example:1.0.0.BUILD-SNAPSHOT
app list
task create --name args --definition cnjtask
// [failed] task launch --name args
// dataflow 1.2.0.M1 log opened at 2016-06-07 02:16:26
// dataflow 1.2.0.M1 log opened at 2016-06-07 02:16:48
app register --name args --type task --uri maven://cnj:task-example:jar:1.0.0-SNAPSHOT
// [failed] task launch --name args
task create --definition args --name args
task launch --name args
task list
task list
// dataflow 1.2.0.M1 log opened at 2016-06-07 02:21:39
app register --name args --type task --uri maven://cnj:task-example:jar:1.0.0-SNAPSHOT 
task create --name args-task --definition "args --p1=1 --p2=2" 
task list
task launch --name args-task 
app register --name brackets --type processor --uri maven://cnj:stream-example:jar:1.0.0-SNAPSHOT
stream create --name bracketedticktock --definition "time | brackets | log" 
stream list
stream deploy --name bracketedticktock 
// dataflow 1.2.0.RELEASE log opened at 2016-07-17 18:47:33
stream list
app list
runtime apps 
system properties
// dataflow 1.2.0.RELEASE log opened at 2016-07-17 19:12:18
// [failed] app import --uri /Users/jlong/Desktop/spring-cloud-stream-app-descriptor-1.0.0.BUILD-SNAPSHOT.stream-apps-rabbit-maven 
app import --uri file:///Users/jlong/Desktop/spring-cloud-stream-app-descriptor-1.0.0.BUILD-SNAPSHOT.stream-apps-rabbit-maven 
app list
// dataflow 1.2.0.RELEASE log opened at 2016-07-18 00:09:37
stream create --name ticktock --definition "time | log"
// [failed] stream deploy --name ticktock
app import --uri file:///Users/jlong/Desktop/spring-cloud-stream-app-descriptor-1.0.0.BUILD-SNAPSHOT.stream-apps-rabbit-maven 
app list
// [failed] stream create --name ticktock --definition "source.time | sink.log"
// [failed] stream create --name ticktock --definition "time | log"
// [failed] stream deploy --name ticktock
 app import --uri http://bit.ly/stream-applications-rabbit-maven
// [failed] stream create --name ticktock --definition "time | log"
stream destroy --name ticktock
stream create --name ticktock --definition "time | log" 
// [failed] stream deploy --name ticktock
// [failed] stream deploy --name ticktock
// [failed] stream create --name ticktock --definition "time | log"
 app import --uri http://bit.ly/stream-applications-rabbit-maven
stream create --name ticktock --definition "time | log"
stream deploy --name ticktock
